 Iteration          f(x)      Gradient          Step       Eff. LR            LR 
         1    2656.32597    6604.21898       0.45826       0.05000       0.05000 
         2    1027.53182    3026.25226       0.50433       0.03712       0.05000 
         3     507.15367    2477.71054       0.35258       0.03180       0.05000 
         4     396.40272    2297.80018       0.28940       0.02886       0.05000 
         5     334.38785    1726.52519       0.23904       0.02703       0.05000 
         6     347.97956    1647.76129       0.19216       0.02581       0.05000 
         7     358.48024    1743.08596       0.16417       0.02498       0.05000 
         8     319.47345    1625.45055       0.15347       0.02440       0.05000 
         9     253.21181    1363.56776       0.14762       0.02400       0.05000 
        10     194.26203    1142.00175       0.14029       0.02374       0.05000 
        11     153.56709    1000.17286       0.13193       0.02357       0.05000 
        12     131.02354     989.82398       0.12260       0.02349       0.05000 
        13     120.29200    1086.60834       0.11339       0.02346       0.05000 
        14     108.46415    1091.55804       0.10597       0.02349       0.05000 
        15      90.67314     924.78760       0.09946       0.02355       0.05000 
        16      74.49433     698.44846       0.09246       0.02365       0.05000 
        17      66.77238     589.40893       0.08541       0.02378       0.05000 
        18      66.33440     624.29937       0.07883       0.02393       0.05000 
        19      67.94866     693.66521       0.07360       0.02410       0.05000 
        20      66.45035     729.12726       0.07083       0.02429       0.05000 
        21      58.84384     686.29240       0.07022       0.02449       0.05000 
        22      47.36734     546.93104       0.06902       0.02470       0.05000 
        23      39.24476     384.90225       0.06422       0.02492       0.05000 
        24      39.36797     386.02688       0.05581       0.02515       0.05000 
        25      43.99096     502.21601       0.04833       0.02539       0.05000 
        26      45.39238     555.64096       0.04631       0.02563       0.05000 
        27      40.91453     521.75687       0.04804       0.02588       0.05000 
        28      33.69761     444.96256       0.04943       0.02613       0.05000 
        29      27.60557     358.18148       0.04857       0.02638       0.05000 
        30      24.80183     288.49592       0.04485       0.02664       0.05000 
        31      25.81010     300.30897       0.03853       0.02690       0.05000 
        32      28.80523     368.10471       0.03221       0.02715       0.05000 
        33      30.48143     391.34821       0.02954       0.02741       0.05000 
        34      29.52745     347.15756       0.03007       0.02767       0.05000 
        35      27.37301     288.91404       0.03089       0.02793       0.05000 
        36      25.34041     257.65387       0.03121       0.02818       0.05000 
        37      23.70404     233.35947       0.03072       0.02844       0.05000 
        38      22.85001     222.12818       0.02859       0.02869       0.05000 
        39      22.75970     240.03907       0.02570       0.02895       0.05000 
        40      22.35120     245.41714       0.02452       0.02920       0.05000 
        41      21.00344     211.42611       0.02515       0.02945       0.05000 
        42      19.55045     168.84637       0.02522       0.02970       0.05000 
        43      18.93044     158.55467       0.02367       0.02994       0.05000 
        44      19.08420     162.15771       0.02096       0.03018       0.05000 
        45      19.50399     165.41225       0.01820       0.03042       0.05000 
        46      19.66096     170.99855       0.01743       0.03066       0.05000 
        47      19.15416     153.87994       0.01886       0.03090       0.05000 
        48      18.37783     112.98487       0.01941       0.03113       0.05000 
        49      18.13863     108.73243       0.01749       0.03136       0.05000 
        50      18.34436     134.03310       0.01495       0.03159       0.05000 
        51      18.32130     134.88604       0.01417       0.03181       0.05000 
        52      17.94316     123.61677       0.01479       0.03203       0.05000 
        53      17.41792     113.35524       0.01553       0.03225       0.05000 
        54      16.92411      88.43368       0.01531       0.03247       0.05000 
        55      16.76277      73.18886       0.01347       0.03268       0.05000 
        56      16.95612      95.38305       0.01122       0.03289       0.05000 
        57      17.07180     109.06715       0.01076       0.03310       0.05000 
        58      16.86437     103.67052       0.01180       0.03331       0.05000 
        59      16.46664      90.20962       0.01274       0.03351       0.05000 
        60      16.09539      65.80018       0.01264       0.03371       0.05000 
        61      15.97380      49.19030       0.01112       0.03390       0.05000 
        62      16.11174      69.94719       0.00934       0.03410       0.05000 
        63      16.21265      82.03207       0.00901       0.03429       0.05000 
        64      16.12959      73.58409       0.00944       0.03448       0.05000 
        65      15.98892      64.20534       0.00955       0.03467       0.05000 
        66      15.86419      57.24208       0.00952       0.03485       0.05000 
        67      15.77226      51.55598       0.00922       0.03503       0.05000 
        68      15.72285      56.70109       0.00878       0.03521       0.05000 
        69      15.63574      56.89890       0.00883       0.03539       0.05000 
        70      15.48891      44.89475       0.00908       0.03556       0.05000 
        71      15.37578      36.38940       0.00898       0.03573       0.05000 
        72      15.33398      36.98294       0.00864       0.03590       0.05000 
        73      15.32463      42.45488       0.00840       0.03607       0.05000 
        74      15.28541      46.17263       0.00854       0.03623       0.05000 
        75      15.19167      36.35847       0.00863       0.03639       0.05000 
        76      15.12278      24.66415       0.00800       0.03655       0.05000 
        77      15.12001      32.88579       0.00709       0.03671       0.05000 
        78      15.10396      37.42976       0.00686       0.03687       0.05000 
        79      15.02781      34.22461       0.00731       0.03702       0.05000 
        80      14.91942      27.79902       0.00781       0.03717       0.05000 
        81      14.82740      20.00689       0.00788       0.03732       0.05000 
        82      14.78147      22.25328       0.00754       0.03747       0.05000 
        83      14.75609      26.89352       0.00721       0.03761       0.05000 
        84      14.71524      27.04110       0.00725       0.03776       0.05000 
        85      14.64688      23.27550       0.00771       0.03790       0.05000 
        86      14.56809      15.96298       0.00803       0.03804       0.05000 
        87      14.51427      17.62662       0.00785       0.03818       0.05000 
        88      14.47981      22.57032       0.00751       0.03831       0.05000 
        89      14.43483      21.61996       0.00740       0.03845       0.05000 
        90      14.37538      19.19874       0.00747       0.03858       0.05000 
        91      14.31328      17.12166       0.00751       0.03871       0.05000 
        92      14.25832      17.74474       0.00752       0.03884       0.05000 
        93      14.20331      18.24412       0.00764       0.03897       0.05000 
        94      14.14286      15.67758       0.00779       0.03909       0.05000 
        95      14.08402      14.15278       0.00787       0.03922       0.05000 
        96      14.02931      13.81677       0.00787       0.03934       0.05000 
        97      13.97930      16.06584       0.00779       0.03946       0.05000 
        98      13.92518      16.41415       0.00778       0.03958       0.05000 
        99      13.86403      12.88192       0.00782       0.03970       0.05000 
       100      13.80594      11.69387       0.00783       0.03981       0.05000 
       101      13.75254      12.88864       0.00785       0.03993       0.05000 
       102      13.69888      14.60663       0.00794       0.04004       0.05000 
       103      13.63812      13.18130       0.00808       0.04015       0.05000 
       104      13.57538      10.45117       0.00815       0.04026       0.05000 
       105      13.51753      10.56205       0.00815       0.04037       0.05000 
       106      13.46161      11.13329       0.00815       0.04048       0.05000 
       107      13.40510      12.26536       0.00818       0.04058       0.05000 
       108      13.34516      10.93432       0.00824       0.04069       0.05000 
       109      13.28494       9.57346       0.00829       0.04079       0.05000 
       110      13.22661      10.06958       0.00833       0.04090       0.05000 
       111      13.16864      10.87311       0.00837       0.04100       0.05000 
       112      13.10902      10.49330       0.00842       0.04110       0.05000 
       113      13.04845       9.10432       0.00845       0.04119       0.05000 
       114      12.98948       9.70838       0.00848       0.04129       0.05000 
       115      12.92960       9.93678       0.00852       0.04139       0.05000 
       116      12.86803       9.32845       0.00857       0.04148       0.05000 
       117      12.80649       8.27083       0.00862       0.04158       0.05000 
       118      12.74658       8.77746       0.00866       0.04167       0.05000 
       119      12.68650       9.10433       0.00871       0.04176       0.05000 
       120      12.62531       8.87979       0.00875       0.04185       0.05000 
       121      12.56367       8.43637       0.00878       0.04194       0.05000 
       122      12.50261       8.46499       0.00879       0.04203       0.05000 
       123      12.44176       8.74626       0.00881       0.04212       0.05000 
       124      12.38012       8.54417       0.00882       0.04220       0.05000 
       125      12.31805       8.30027       0.00884       0.04229       0.05000 
       126      12.25621       8.13038       0.00887       0.04237       0.05000 
       127      12.19467       8.22796       0.00892       0.04245       0.05000 
       128      12.13275       7.90558       0.00897       0.04254       0.05000 
       129      12.07084       7.85086       0.00901       0.04262       0.05000 
       130      12.00906       7.82706       0.00904       0.04270       0.05000 
       131      11.94728       7.97783       0.00907       0.04278       0.05000 
       132      11.88518       7.80444       0.00910       0.04286       0.05000 
       133      11.82315       7.72628       0.00912       0.04293       0.05000 
       134      11.76126       7.72409       0.00916       0.04301       0.05000 
       135      11.69927       7.73280       0.00921       0.04308       0.05000 
       136      11.63707       7.55879       0.00924       0.04316       0.05000 
       137      11.57513       7.56979       0.00925       0.04323       0.05000 
       138      11.51338       7.61893       0.00926       0.04331       0.05000 
       139      11.45152       7.53334       0.00927       0.04338       0.05000 
       140      11.38966       7.38305       0.00930       0.04345       0.05000 
       141      11.32797       7.36791       0.00933       0.04352       0.05000 
       142      11.26630       7.38679       0.00936       0.04359       0.05000 
       143      11.20463       7.39077       0.00937       0.04366       0.05000 
       144      11.14310       7.42029       0.00937       0.04373       0.05000 
       145      11.08167       7.37574       0.00938       0.04379       0.05000 
       146      11.02029       7.24743       0.00940       0.04386       0.05000 
       147      10.95902       7.09910       0.00943       0.04393       0.05000 
       148      10.89794       7.09203       0.00946       0.04399       0.05000 
       149      10.83693       7.08675       0.00949       0.04405       0.05000 
       150      10.77595       7.05382       0.00951       0.04412       0.05000 
       151      10.71511       7.05458       0.00952       0.04418       0.05000 
       152      10.65445       7.09671       0.00953       0.04424       0.05000 
       153      10.59387       7.07109       0.00955       0.04430       0.05000 
       154      10.53342       7.00857       0.00956       0.04436       0.05000 
       155      10.47312       6.97499       0.00957       0.04442       0.05000 
       156      10.41293       6.88981       0.00959       0.04448       0.05000 
       157      10.35288       6.83493       0.00961       0.04454       0.05000 
       158      10.29301       6.84006       0.00962       0.04460       0.05000 
       159      10.23326       6.84224       0.00964       0.04466       0.05000 
       160      10.17363       6.80767       0.00965       0.04471       0.05000 
       161      10.11415       6.78055       0.00966       0.04477       0.05000 
       162      10.05484       6.75009       0.00968       0.04482       0.05000 
       163       9.99567       6.71131       0.00969       0.04488       0.05000 
       164       9.93665       6.71373       0.00970       0.04493       0.05000 
       165       9.87778       6.70656       0.00970       0.04499       0.05000 
       166       9.81905       6.63232       0.00971       0.04504       0.05000 
       167       9.76049       6.56120       0.00973       0.04509       0.05000 
       168       9.70210       6.52633       0.00975       0.04514       0.05000 
       169       9.64384       6.50697       0.00977       0.04520       0.05000 
       170       9.58575       6.50078       0.00978       0.04525       0.05000 
       171       9.52783       6.49775       0.00979       0.04530       0.05000 
       172       9.47006       6.47471       0.00980       0.04535       0.05000 
       173       9.41246       6.43651       0.00981       0.04539       0.05000 
       174       9.35503       6.41594       0.00982       0.04544       0.05000 
       175       9.29776       6.40742       0.00983       0.04549       0.05000 
       176       9.24065       6.37942       0.00984       0.04554       0.05000 
       177       9.18371       6.33736       0.00985       0.04558       0.05000 
       178       9.12694       6.29574       0.00986       0.04563       0.05000 
       179       9.07034       6.26179       0.00988       0.04568       0.05000 
       180       9.01392       6.24915       0.00989       0.04572       0.05000 
       181       8.95767       6.23626       0.00990       0.04577       0.05000 
       182       8.90159       6.20544       0.00990       0.04581       0.05000 
       183       8.84569       6.17279       0.00991       0.04585       0.05000 
       184       8.78997       6.14217       0.00992       0.04590       0.05000 
       185       8.73444       6.11107       0.00994       0.04594       0.05000 
       186       8.67908       6.08868       0.00995       0.04598       0.05000 
       187       8.62391       6.07019       0.00996       0.04603       0.05000 
       188       8.56893       6.04291       0.00997       0.04607       0.05000 
       189       8.51413       6.02026       0.00998       0.04611       0.05000 
       190       8.45953       6.00156       0.00998       0.04615       0.05000 
       191       8.40513       5.96989       0.00999       0.04619       0.05000 
       192       8.35091       5.94185       0.01000       0.04623       0.05000 
       193       8.29690       5.92124       0.01001       0.04627       0.05000 
       194       8.24308       5.89228       0.01002       0.04631       0.05000 
       195       8.18947       5.86629       0.01003       0.04634       0.05000 
       196       8.13606       5.83902       0.01003       0.04638       0.05000 
       197       8.08285       5.80620       0.01005       0.04642       0.05000 
       198       8.02985       5.78631       0.01005       0.04646       0.05000 
       199       7.97705       5.76573       0.01006       0.04649       0.05000 
       200       7.92447       5.73903       0.01007       0.04653       0.05000 
       201       7.87210       5.71495       0.01008       0.04657       0.05000 
       202       7.81994       5.68359       0.01008       0.04660       0.05000 
       203       7.76800       5.65962       0.01009       0.04664       0.05000 
       204       7.71627       5.64183       0.01010       0.04667       0.05000 
       205       7.66475       5.61441       0.01010       0.04671       0.05000 
       206       7.61345       5.59064       0.01011       0.04674       0.05000 
       207       7.56237       5.56604       0.01012       0.04677       0.05000 
       208       7.51151       5.54310       0.01012       0.04681       0.05000 
       209       7.46086       5.52493       0.01013       0.04684       0.05000 
       210       7.41044       5.49630       0.01014       0.04687       0.05000 
       211       7.36023       5.47132       0.01014       0.04691       0.05000 
       212       7.31024       5.44828       0.01015       0.04694       0.05000 
       213       7.26047       5.42568       0.01016       0.04697       0.05000 
       214       7.21091       5.40627       0.01016       0.04700       0.05000 
       215       7.16157       5.37729       0.01017       0.04703       0.05000 
       216       7.11245       5.35672       0.01018       0.04706       0.05000 
       217       7.06354       5.33781       0.01018       0.04709       0.05000 
       218       7.01485       5.31611       0.01019       0.04712       0.05000 
       219       6.96637       5.29567       0.01019       0.04715       0.05000 
       220       6.91810       5.27019       0.01020       0.04718       0.05000 
       221       6.87004       5.25317       0.01020       0.04721       0.05000 
       222       6.82219       5.23207       0.01021       0.04724       0.05000 
       223       6.77456       5.21091       0.01021       0.04727       0.05000 
       224       6.72712       5.18718       0.01022       0.04730       0.05000 
       225       6.67989       5.16902       0.01023       0.04732       0.05000 
       226       6.63287       5.15131       0.01023       0.04735       0.05000 
       227       6.58605       5.12884       0.01024       0.04738       0.05000 
       228       6.53942       5.11038       0.01024       0.04740       0.05000 
       229       6.49300       5.08858       0.01025       0.04743       0.05000 
       230       6.44677       5.07471       0.01025       0.04746       0.05000 
       231       6.40074       5.05043       0.01026       0.04748       0.05000 
       232       6.35490       5.03515       0.01027       0.04751       0.05000 
       233       6.30925       5.00964       0.01027       0.04754       0.05000 
       234       6.26380       5.00329       0.01028       0.04756       0.05000 
       235       6.21853       4.96879       0.01028       0.04759       0.05000 
       236       6.17344       4.97787       0.01028       0.04761       0.05000 
       237       6.12855       4.92639       0.01030       0.04763       0.05000 
       238       6.08384       4.98746       0.01029       0.04766       0.05000 
       239       6.03932       4.91111       0.01032       0.04768       0.05000 
       240       5.99502       5.20559       0.01029       0.04771       0.05000 
       241       5.95098       5.32360       0.01036       0.04773       0.05000 
       242       5.90745       6.97751       0.01029       0.04775       0.05000 
       243       5.86524       9.54296       0.01059       0.04778       0.05000 
       244       5.82748      17.39121       0.01058       0.04780       0.05000 
       245       5.80629      31.61863       0.01253       0.04782       0.05000 
       246       5.85017      62.78003       0.01555       0.04784       0.05000 
       247       6.14908     122.91434       0.02640       0.04787       0.05000 
       248       7.28421     233.30615       0.04034       0.04789       0.05000 
       249       9.95235     380.57664       0.05387       0.04791       0.05000 
       250      11.52058     447.22341       0.04731       0.04793       0.05000 
       251       8.14988     297.17334       0.02236       0.04795       0.05000 
       252       5.87912     119.87718       0.02734       0.04797       0.05000 
       253       8.54831     318.16073       0.04038       0.04799       0.05000 
       254       8.09456     296.44649       0.02357       0.04801       0.05000 
       255       5.47828      61.10354       0.01777       0.04803       0.05000 
       256       7.18718     246.43290       0.03449       0.04805       0.05000 
       257       7.54755     273.12914       0.02291       0.04807       0.05000 
       258       5.41519      72.97712       0.01503       0.04809       0.05000 
       259       6.43146     197.75012       0.02836       0.04811       0.05000 
       260       6.68985     219.98648       0.01889       0.04813       0.05000 
       261       5.23355      49.68403       0.01480       0.04815       0.05000 
       262       6.14272     183.63865       0.02561       0.04817       0.05000 
       263       6.21553     191.29943       0.01725       0.04819       0.05000 
       264       5.11955      50.01536       0.01413       0.04821       0.05000 
       265       5.82365     159.78362       0.02228       0.04823       0.05000 
       266       5.68468     149.59890       0.01313       0.04824       0.05000 
       267       4.96554      19.38171       0.01370       0.04826       0.05000 
       268       5.56939     144.68578       0.02013       0.04828       0.05000 
       269       5.40127     130.08799       0.01230       0.04830       0.05000 
       270       4.91574      51.03077       0.01440       0.04831       0.05000 
       271       5.36069     135.88614       0.01795       0.04833       0.05000 
       272       5.17341     114.59381       0.01252       0.04835       0.05000 
       273       4.80167      45.68528       0.01282       0.04837       0.05000 
       274       5.11336     113.76686       0.01656       0.04838       0.05000 
       275       4.97043      97.39692       0.01102       0.04840       0.05000 
       276       4.67053      31.34561       0.01206       0.04841       0.05000 
       277       4.88814      95.68610       0.01476       0.04843       0.05000 
       278       4.82236      90.39960       0.01161       0.04845       0.05000 
       279       4.57079      33.31259       0.01068       0.04846       0.05000 
       280       4.70601      80.32156       0.01457       0.04848       0.05000 
       281       4.73445      93.57949       0.01251       0.04849       0.05000 
       282       4.56436      69.56911       0.01326       0.04851       0.05000 
       283       4.70594     110.43359       0.01680       0.04852       0.05000 
       284       5.02880     161.83281       0.02286       0.04854       0.05000 
       285       5.46421     218.27542       0.02881       0.04855       0.05000 
       286       6.76740     318.86179       0.04231       0.04857       0.05000 
       287       9.15833     455.43886       0.05338       0.04858       0.05000 
       288      11.80963     557.94386       0.05700       0.04860       0.05000 
       289      10.50526     521.25301       0.04189       0.04861       0.05000 
       290       6.28016     293.02419       0.01761       0.04863       0.05000 
       291       4.41793      91.95764       0.02423       0.04864       0.05000 
       292       6.98358     345.22378       0.03982       0.04865       0.05000 
       293       8.14641     406.97099       0.03422       0.04867       0.05000 
       294       5.16467     210.58342       0.01111       0.04868       0.05000 
       295       4.43498     121.57797       0.02438       0.04869       0.05000 
       296       6.58192     320.97759       0.03332       0.04871       0.05000 
       297       5.82956     272.29651       0.01779       0.04872       0.05000 
       298       4.04095      35.66954       0.01307       0.04873       0.05000 
       299       5.11199     213.24811       0.02744       0.04875       0.05000 
       300       5.61861     259.80564       0.02059       0.04876       0.05000 
       301       4.17635      97.37015       0.00856       0.04877       0.05000 
       302       4.31897     127.18423       0.02135       0.04878       0.05000 
       303       5.14507     225.12790       0.02053       0.04880       0.05000 
       304       4.28692     129.32205       0.00907       0.04881       0.05000 
       305       3.94124      63.89278       0.01628       0.04882       0.05000 
       306       4.67611     185.42614       0.01938       0.04883       0.05000 
       307       4.30954     142.55049       0.01097       0.04884       0.05000 
       308       3.77111      15.11500       0.01214       0.04886       0.05000 
       309       4.26820     144.47500       0.01743       0.04887       0.05000 
       310       4.25123     144.96451       0.01267       0.04888       0.05000 
       311       3.71385      29.71226       0.00908       0.04889       0.05000 
       312       3.93097     101.95121       0.01500       0.04890       0.05000 
       313       4.11745     135.79376       0.01375       0.04891       0.05000 
       314       3.71775      62.27993       0.00798       0.04892       0.05000 
       315       3.68214      57.61340       0.01215       0.04893       0.05000 
       316       3.91733     115.73500       0.01386       0.04894       0.05000 
       317       3.73008      85.53663       0.00899       0.04896       0.05000 
       318       3.54185      24.38009       0.00950       0.04897       0.05000 
       319       3.68042      83.55455       0.01268       0.04898       0.05000 
       320       3.69000      93.11259       0.01046       0.04899       0.05000 
       321       3.50551      45.23565       0.00853       0.04900       0.05000 
       322       3.48062      43.59212       0.01048       0.04901       0.05000 
       323       3.55638      78.11905       0.01085       0.04902       0.05000 
       324       3.49674      68.17230       0.00969       0.04903       0.05000 
       325       3.39258      35.87146       0.00891       0.04904       0.05000 
       326       3.38942      45.80725       0.00963       0.04905       0.05000 
       327       3.40766      62.85131       0.01024       0.04906       0.05000 
       328       3.36146      55.50347       0.00920       0.04907       0.05000 
       329       3.30309      37.34449       0.00894       0.04908       0.05000 
       330       3.27988      37.81131       0.00926       0.04908       0.05000 
       331       3.26840      46.56003       0.00903       0.04909       0.05000 
       332       3.24638      46.58182       0.00939       0.04910       0.05000 
       333       3.21821      42.06485       0.00916       0.04911       0.05000 
       334       3.18593      35.94925       0.00883       0.04912       0.05000 
       335       3.15108      31.81050       0.00862       0.04913       0.05000 
       336       3.12556      33.14522       0.00856       0.04914       0.05000 
       337       3.11677      38.97434       0.00922       0.04915       0.05000 
       338       3.11128      45.01240       0.00957       0.04916       0.05000 
       339       3.09306      45.80132       0.00946       0.04916       0.05000 
       340       3.07132      46.47684       0.01002       0.04917       0.05000 
       341       3.08704      60.01230       0.01166       0.04918       0.05000 
       342       3.21884      95.64838       0.01688       0.04919       0.05000 
       343       3.64934     159.62926       0.02549       0.04920       0.05000 
       344       4.85035     265.70532       0.04041       0.04921       0.05000 
       345       7.82744     425.04841       0.05850       0.04921       0.05000 
       346      12.49031     599.28904       0.07031       0.04922       0.05000 
       347      13.62750     636.61793       0.05752       0.04923       0.05000 
       348       6.99271     405.97956       0.02638       0.04924       0.05000 
       349       4.57416     258.81408       0.04135       0.04925       0.05000 
       350       8.96972     468.02854       0.05013       0.04925       0.05000 
       351       6.65033     374.33632       0.02428       0.04926       0.05000 
       352       3.51207     165.48642       0.03128       0.04927       0.05000 
       353       7.20862     396.78681       0.04444       0.04928       0.05000 
       354       5.92322     338.76315       0.02178       0.04928       0.05000 
       355       3.04506      95.60436       0.02391       0.04929       0.05000 
       356       5.62946     313.80462       0.03545       0.04930       0.05000 
       357       4.57380     255.08807       0.01567       0.04930       0.05000 
       358       3.11007     119.59783       0.02406       0.04931       0.05000 
       359       5.15912     292.68944       0.03047       0.04932       0.05000 
       360       3.82603     197.37894       0.01085       0.04932       0.05000 
       361       3.05414     109.20074       0.02191       0.04933       0.05000 
       362       4.34876     239.84535       0.02263       0.04934       0.05000 
       363       3.13698     125.67891       0.00979       0.04934       0.05000 
       364       3.33043     153.81400       0.02360       0.04935       0.05000 
       365       4.07445     224.50529       0.01911       0.04936       0.05000 
       366       2.90361      98.03790       0.01022       0.04936       0.05000 
       367       3.27480     151.96812       0.02025       0.04937       0.05000 
       368       3.49959     175.81130       0.01342       0.04938       0.05000 
       369       2.66405      35.77655       0.00974       0.04938       0.05000 
       370       3.16658     139.27964       0.01813       0.04939       0.05000 
       371       3.18090     144.44512       0.01121       0.04940       0.05000 
       372       2.68496      64.84615       0.01203       0.04940       0.05000 
       373       3.18589     150.43522       0.01827       0.04941       0.05000 
       374       3.12079     144.81279       0.01237       0.04941       0.05000 
       375       2.78364     101.01095       0.01408       0.04942       0.05000 
       376       3.19697     161.53764       0.01806       0.04943       0.05000 
       377       3.16716     160.97140       0.01576       0.04943       0.05000 
       378       3.03444     151.49148       0.01837       0.04944       0.05000 
       379       3.53652     206.24986       0.02393       0.04944       0.05000 
       380       3.80005     237.99787       0.02471       0.04945       0.05000 
       381       4.15539     273.56048       0.03008       0.04945       0.05000 
       382       5.09142     344.90649       0.03581       0.04946       0.05000 
       383       5.97974     394.25184       0.03874       0.04946       0.05000 
       384       5.98951     403.42790       0.03710       0.04947       0.05000 
       385       5.51079     365.63417       0.03183       0.04948       0.05000 
       386       3.87587     250.56852       0.01693       0.04948       0.05000 
       387       2.53110      67.23618       0.00737       0.04949       0.05000 
       388       2.78532     125.00641       0.02016       0.04949       0.05000 
       389       3.77917     244.25297       0.02611       0.04950       0.05000 
       390       4.11425     272.94891       0.02536       0.04950       0.05000 
       391       3.49529     221.73770       0.01743       0.04951       0.05000 
       392       2.71515     116.87385       0.00980       0.04951       0.05000 
       393       2.49074      71.28869       0.01277       0.04952       0.05000 
       394       2.98653     167.46470       0.01948       0.04952       0.05000 
       395       3.42179     214.46523       0.02086       0.04953       0.05000 
       396       3.04512     175.31604       0.01316       0.04953       0.05000 
       397       2.43408      68.17157       0.00589       0.04954       0.05000 
       398       2.39863      59.35889       0.01199       0.04954       0.05000 
       399       2.79434     145.11965       0.01639       0.04954       0.05000 
       400       2.94781     167.00985       0.01607       0.04955       0.05000 
